<?xml version="1.0" encoding="UTF-8"?>
<!-- Generated by org.testng.reporters.JUnitReportReporter -->
<testsuite hostname="TYSS-Apoorva" failures="0" tests="1" name="workingWithExternalDatas.ReadDataFromPropFile" time="0.016" errors="0" timestamp="2023-09-22T10:45:32 IST" skipped="0">
  <testcase classname="workingWithExternalDatas.ReadDataFromPropFile" name="dataRead" time="0.016"/>
</testsuite> <!-- workingWithExternalDatas.ReadDataFromPropFile -->
