<?xml version="1.0" encoding="UTF-8"?>
<!-- Generated by org.testng.reporters.JUnitReportReporter -->
<testsuite hostname="TYSS-Apoorva" failures="0" tests="1" name="understandingAboutTestNg.TestCase_002" time="138.453" errors="0" timestamp="2023-09-08T22:44:05 IST" skipped="0">
  <testcase classname="understandingAboutTestNg.TestCase_002" name="ksrtc" time="138.453"/>
</testsuite> <!-- understandingAboutTestNg.TestCase_002 -->
