<?xml version="1.0" encoding="UTF-8"?>
<!-- Generated by org.testng.reporters.JUnitReportReporter -->
<testsuite hostname="TYSS-Apoorva" failures="0" tests="1" name="testScripts.TC_bmtc_003" time="19.675" errors="0" timestamp="2023-11-29T00:06:03 IST" skipped="0">
  <testcase classname="testScripts.TC_bmtc_003" name="bmtc" time="19.675"/>
</testsuite> <!-- testScripts.TC_bmtc_003 -->
