<?xml version="1.0" encoding="UTF-8"?>
<!-- Generated by org.testng.reporters.JUnitReportReporter -->
<testsuite hostname="TYSS-Apoorva" failures="0" tests="1" name="workingWithTestNg.TestCase_004" time="5.608" errors="0" timestamp="2023-08-10T10:58:09 IST" skipped="0">
  <testcase classname="workingWithTestNg.TestCase_004" name="demoweb" time="5.608"/>
  <system-out/>
</testsuite> <!-- workingWithTestNg.TestCase_004 -->
