<?xml version="1.0" encoding="UTF-8"?>
<!-- Generated by org.testng.reporters.JUnitReportReporter -->
<testsuite hostname="TYSS-Apoorva" failures="0" tests="2" name="workingWithUnitTestingTool.AddproductTocart" time="10.484" errors="0" timestamp="2023-10-09T11:57:39 IST" skipped="0">
  <testcase classname="workingWithUnitTestingTool.AddproductTocart" name="clickOnAwsome" time="4.597">
    <system-out>
      <![CDATA[User is able to click on awesome]]>
    </system-out>
  </testcase> <!-- clickOnAwsome -->
  <testcase classname="workingWithUnitTestingTool.AddproductTocart" name="addProductTocart" time="5.887">
    <system-out>
      <![CDATA[User is able to click on books tab]]>
    </system-out>
  </testcase> <!-- addProductTocart -->
  <system-out>
    <![CDATA[Data base coonection is started
Report genration started
User is able to click on books tab
User is able to click on awesome
Data base coonection is stoped
Report genration stoped]]>
  </system-out>
</testsuite> <!-- workingWithUnitTestingTool.AddproductTocart -->
