<?xml version="1.0" encoding="UTF-8"?>
<!-- Generated by org.testng.reporters.JUnitReportReporter -->
<testsuite hostname="TYSS-Apoorva" failures="0" tests="4" name="workingWithUnitTestingTool.WorkingWithPriorityattribute" time="0.028" errors="0" timestamp="2023-09-13T23:06:12 IST" skipped="0">
  <testcase classname="workingWithUnitTestingTool.WorkingWithPriorityattribute" name="run" time="0.015"/>
  <testcase classname="workingWithUnitTestingTool.WorkingWithPriorityattribute" name="testcase" time="0.002"/>
  <testcase classname="workingWithUnitTestingTool.WorkingWithPriorityattribute" name="fail" time="0.006"/>
  <testcase classname="workingWithUnitTestingTool.WorkingWithPriorityattribute" name="pass" time="0.005"/>
</testsuite> <!-- workingWithUnitTestingTool.WorkingWithPriorityattribute -->
