<?xml version="1.0" encoding="UTF-8"?>
<!-- Generated by org.testng.reporters.JUnitReportReporter -->
<testsuite hostname="TYSS-Apoorva" failures="0" tests="2" name="understandingAboutTestNg.BasicDataProvider1" time="0.021" errors="0" timestamp="2024-01-30T15:40:26 IST" skipped="0">
  <testcase classname="understandingAboutTestNg.BasicDataProvider1" name="dataDemo" time="0.011"/>
  <testcase classname="understandingAboutTestNg.BasicDataProvider1" name="dataDemo" time="0.010"/>
</testsuite> <!-- understandingAboutTestNg.BasicDataProvider1 -->
