<?xml version="1.0" encoding="UTF-8"?>
<!-- Generated by org.testng.reporters.JUnitReportReporter -->
<testsuite hostname="TYSS-Apoorva" failures="0" tests="2" name="workingWithUnitTestingTool.WorkingWithEnable" time="0.010" errors="0" timestamp="2024-01-25T01:41:06 IST" skipped="1">
  <testcase classname="workingWithUnitTestingTool.WorkingWithEnable" name="testcase" time="0.010"/>
  <testcase classname="workingWithUnitTestingTool.WorkingWithEnable" name="run">
    <skipped/>
  </testcase> <!-- run -->
</testsuite> <!-- workingWithUnitTestingTool.WorkingWithEnable -->
