<?xml version="1.0" encoding="UTF-8"?>
<!-- Generated by org.testng.reporters.JUnitReportReporter -->
<testsuite hostname="TYSS-Apoorva" failures="0" tests="1" name="understandingAboutTestNg.TestCase_001" time="5.247" errors="0" timestamp="2023-09-08T22:44:05 IST" skipped="0">
  <testcase classname="understandingAboutTestNg.TestCase_001" name="adhar" time="5.247"/>
</testsuite> <!-- understandingAboutTestNg.TestCase_001 -->
