<?xml version="1.0" encoding="UTF-8"?>
<!-- Generated by org.testng.reporters.JUnitReportReporter -->
<testsuite hostname="TYSS-Apoorva" failures="0" tests="2" name="workingWithTestNg.sample" time="0.040" errors="0" timestamp="2023-09-08T00:05:20 IST" skipped="0">
  <testcase classname="workingWithTestNg.sample" name="login" time="0.023"/>
  <testcase classname="workingWithTestNg.sample" name="logout" time="0.017"/>
</testsuite> <!-- workingWithTestNg.sample -->
