<?xml version="1.0" encoding="UTF-8"?>
<!-- Generated by org.testng.reporters.JUnitReportReporter -->
<testsuite hostname="TYSS-Apoorva" failures="0" tests="1" name="workingWithPom.TestCase" time="5.131" errors="0" timestamp="2023-10-06T13:27:06 IST" skipped="0">
  <testcase classname="workingWithPom.TestCase" name="run" time="5.131"/>
</testsuite> <!-- workingWithPom.TestCase -->
