<?xml version="1.0" encoding="UTF-8"?>
<!-- Generated by org.testng.reporters.JUnitReportReporter -->
<testsuite hostname="TYSS-Apoorva" failures="0" tests="1" name="testScripts.TC_adhar_010" time="108.321" errors="0" timestamp="2023-09-14T23:36:12 IST" skipped="0">
  <testcase classname="testScripts.TC_adhar_010" name="qsp" time="108.321"/>
</testsuite> <!-- testScripts.TC_adhar_010 -->
