<?xml version="1.0" encoding="UTF-8"?>
<!-- Generated by org.testng.reporters.JUnitReportReporter -->
<testsuite hostname="TYSS-Apoorva" failures="0" tests="5" name="understandingAboutTestNg.Datademo" time="0.036" errors="0" timestamp="2023-09-25T15:35:15 IST" skipped="0">
  <testcase classname="understandingAboutTestNg.Datademo" name="test" time="0.004"/>
  <testcase classname="understandingAboutTestNg.Datademo" name="test" time="0.007"/>
  <testcase classname="understandingAboutTestNg.Datademo" name="test" time="0.017"/>
  <testcase classname="understandingAboutTestNg.Datademo" name="test" time="0.005"/>
  <testcase classname="understandingAboutTestNg.Datademo" name="test" time="0.003"/>
</testsuite> <!-- understandingAboutTestNg.Datademo -->
