<?xml version="1.0" encoding="UTF-8"?>
<!-- Generated by org.testng.reporters.JUnitReportReporter -->
<testsuite hostname="TYSS-Apoorva" failures="0" tests="4" name="understandingAboutTestNg.workingWithDataProvider" time="38.614" errors="0" timestamp="2024-01-30T15:06:53 IST" skipped="0">
  <testcase classname="understandingAboutTestNg.workingWithDataProvider" name="openBrowser" time="6.476"/>
  <testcase classname="understandingAboutTestNg.workingWithDataProvider" name="openBrowser" time="14.091"/>
  <testcase classname="understandingAboutTestNg.workingWithDataProvider" name="openBrowser" time="7.602"/>
  <testcase classname="understandingAboutTestNg.workingWithDataProvider" name="openBrowser" time="10.445"/>
</testsuite> <!-- understandingAboutTestNg.workingWithDataProvider -->
