<?xml version="1.0" encoding="UTF-8"?>
<!-- Generated by org.testng.reporters.JUnitReportReporter -->
<testsuite hostname="TYSS-Apoorva" failures="0" tests="1" name="workingWithTestNg.TestCase_001" time="4.936" errors="0" timestamp="2023-09-01T15:21:39 IST" skipped="0">
  <testcase classname="workingWithTestNg.TestCase_001" name="adhar" time="4.936"/>
  <system-out/>
</testsuite> <!-- workingWithTestNg.TestCase_001 -->
