<?xml version="1.0" encoding="UTF-8"?>
<!-- Generated by org.testng.reporters.JUnitReportReporter -->
<testsuite hostname="TYSS-Apoorva" failures="0" tests="1" name="testScripts.TC_kitkat_006" time="67.355" errors="0" timestamp="2023-09-14T23:36:12 IST" skipped="0">
  <testcase classname="testScripts.TC_kitkat_006" name="kitkat" time="67.355"/>
</testsuite> <!-- testScripts.TC_kitkat_006 -->
