<?xml version="1.0" encoding="UTF-8"?>
<!-- Generated by org.testng.reporters.JUnitReportReporter -->
<testsuite hostname="TYSS-Apoorva" failures="0" tests="1" name="workingWithelementRepo.ClickOnLinks" time="14.000" errors="0" timestamp="2023-09-21T23:57:25 IST" skipped="0">
  <testcase classname="workingWithelementRepo.ClickOnLinks" name="clickOnLinks" time="14.000"/>
</testsuite> <!-- workingWithelementRepo.ClickOnLinks -->
