<?xml version="1.0" encoding="UTF-8"?>
<!-- Generated by org.testng.reporters.JUnitReportReporter -->
<testsuite hostname="TYSS-Apoorva" failures="0" tests="2" name="workingWithTestNg.sample" time="0.032" errors="0" timestamp="2023-10-09T11:31:10 IST" skipped="0">
  <testcase classname="workingWithTestNg.sample" name="register" time="0.011"/>
  <testcase classname="workingWithTestNg.sample" name="login" time="0.021"/>
</testsuite> <!-- workingWithTestNg.sample -->
