<?xml version="1.0" encoding="UTF-8"?>
<!-- Generated by org.testng.reporters.JUnitReportReporter -->
<testsuite hostname="TYSS-Apoorva" failures="0" tests="8" name="understandingAboutTestNg.Sample" time="0.128" errors="0" timestamp="2023-09-04T15:48:57 IST" skipped="0">
  <testcase classname="understandingAboutTestNg.Sample" name="homePage" time="0.007"/>
  <testcase classname="understandingAboutTestNg.Sample" name="login" time="0.023">
    <system-out>
      <![CDATA[helllo login]]>
    </system-out>
  </testcase> <!-- login -->
  <testcase classname="understandingAboutTestNg.Sample" name="cart" time="0.030"/>
  <testcase classname="understandingAboutTestNg.Sample" name="msg" time="0.035"/>
  <testcase classname="understandingAboutTestNg.Sample" name="login" time="0.013">
    <system-out>
      <![CDATA[helllo login]]>
    </system-out>
  </testcase> <!-- login -->
  <testcase classname="understandingAboutTestNg.Sample" name="register" time="0.006"/>
  <testcase classname="understandingAboutTestNg.Sample" name="login" time="0.005">
    <system-out>
      <![CDATA[helllo login]]>
    </system-out>
  </testcase> <!-- login -->
  <testcase classname="understandingAboutTestNg.Sample" name="payment" time="0.009"/>
  <system-out>
    <![CDATA[helllo login
helllo login
helllo login]]>
  </system-out>
</testsuite> <!-- understandingAboutTestNg.Sample -->
