<?xml version="1.0" encoding="UTF-8"?>
<!-- Generated by org.testng.reporters.JUnitReportReporter -->
<testsuite hostname="TYSS-Apoorva" failures="0" tests="1" name="understandingAboutTestNg.TC_003" time="2.153" errors="0" timestamp="2023-09-07T18:20:12 IST" skipped="0">
  <testcase classname="understandingAboutTestNg.TC_003" name="bmtc" time="2.153"/>
</testsuite> <!-- understandingAboutTestNg.TC_003 -->
