<?xml version="1.0" encoding="UTF-8"?>
<!-- Generated by org.testng.reporters.JUnitReportReporter -->
<testsuite hostname="TYSS-Apoorva" failures="0" tests="1" name="testScripts.TC_demoweb_004" time="8.679" errors="0" timestamp="2023-11-29T00:06:03 IST" skipped="0">
  <testcase classname="testScripts.TC_demoweb_004" name="demoweb" time="8.679"/>
</testsuite> <!-- testScripts.TC_demoweb_004 -->
