<?xml version="1.0" encoding="UTF-8"?>
<!-- Generated by org.testng.reporters.JUnitReportReporter -->
<testsuite hostname="TYSS-Apoorva" failures="0" tests="2" name="understandingAboutTestNg.ActiTimeDataProvider" time="12.038" errors="0" timestamp="2024-01-30T15:50:50 IST" skipped="0">
  <testcase classname="understandingAboutTestNg.ActiTimeDataProvider" name="openBrowser" time="6.606">
    <system-out>
      <![CDATA[pass]]>
    </system-out>
  </testcase> <!-- openBrowser -->
  <testcase classname="understandingAboutTestNg.ActiTimeDataProvider" name="openBrowser" time="5.432">
    <system-out>
      <![CDATA[pass]]>
    </system-out>
  </testcase> <!-- openBrowser -->
  <system-out>
    <![CDATA[pass
pass]]>
  </system-out>
</testsuite> <!-- understandingAboutTestNg.ActiTimeDataProvider -->
