<?xml version="1.0" encoding="UTF-8"?>
<!-- Generated by org.testng.reporters.JUnitReportReporter -->
<testsuite hostname="TYSS-Apoorva" failures="0" tests="1" name="testScripts.TC_kitkat_006" time="3.146" errors="0" timestamp="2023-12-08T22:42:33 IST" skipped="0">
  <testcase classname="testScripts.TC_kitkat_006" name="kitkat" time="3.146"/>
</testsuite> <!-- testScripts.TC_kitkat_006 -->
