<?xml version="1.0" encoding="UTF-8"?>
<!-- Generated by org.testng.reporters.JUnitReportReporter -->
<testsuite hostname="TYSS-Apoorva" failures="0" tests="2" name="workingWithUnitTestingTool.ToUnderstandTheExcecutionOrder" time="0.033" errors="0" timestamp="2023-09-15T22:47:39 IST" skipped="0">
  <testcase classname="workingWithUnitTestingTool.ToUnderstandTheExcecutionOrder" name="createAccount" time="0.006">
    <system-out>
      <![CDATA[Account is creatated]]>
    </system-out>
  </testcase> <!-- createAccount -->
  <testcase classname="workingWithUnitTestingTool.ToUnderstandTheExcecutionOrder" name="acountModify" time="0.027">
    <system-out>
      <![CDATA[Acount is modified]]>
    </system-out>
  </testcase> <!-- acountModify -->
  <system-out>
    <![CDATA[Browser is opened
logged in with valid data
Acount is modified
logged out from app
logged in with valid data
Account is creatated
logged out from app
Browser is closed]]>
  </system-out>
</testsuite> <!-- workingWithUnitTestingTool.ToUnderstandTheExcecutionOrder -->
