<?xml version="1.0" encoding="UTF-8"?>
<!-- Generated by org.testng.reporters.JUnitReportReporter -->
<testsuite hostname="TYSS-Apoorva" failures="0" tests="1" name="understandingAboutTestNg.TestCase_004" time="31.480" errors="0" timestamp="2023-09-08T22:44:05 IST" skipped="0">
  <testcase classname="understandingAboutTestNg.TestCase_004" name="demoweb" time="31.480"/>
</testsuite> <!-- understandingAboutTestNg.TestCase_004 -->
