<?xml version="1.0" encoding="UTF-8"?>
<!-- Generated by org.testng.reporters.JUnitReportReporter -->
<testsuite hostname="TYSS-Apoorva" failures="0" tests="1" name="workingWithUnitTestingTool.Run" time="32.163" errors="0" timestamp="2023-09-19T23:52:17 IST" skipped="0">
  <testcase classname="workingWithUnitTestingTool.Run" name="browser" time="32.163"/>
</testsuite> <!-- workingWithUnitTestingTool.Run -->
