<?xml version="1.0" encoding="UTF-8"?>
<!-- Generated by org.testng.reporters.JUnitReportReporter -->
<testsuite hostname="TYSS-Apoorva" failures="0" tests="1" name="workingWithExtentReports.Simple" time="31.767" errors="0" timestamp="2023-11-24T11:13:24 IST" skipped="0">
  <testcase classname="workingWithExtentReports.Simple" name="Test_case_1" time="31.767"/>
</testsuite> <!-- workingWithExtentReports.Simple -->
