<?xml version="1.0" encoding="UTF-8"?>
<!-- Generated by org.testng.reporters.JUnitReportReporter -->
<testsuite hostname="TYSS-Apoorva" failures="0" tests="1" name="testScripts.TC_testyantra_008" time="60.015" errors="0" timestamp="2023-09-14T23:36:12 IST" skipped="0">
  <testcase classname="testScripts.TC_testyantra_008" name="adhar" time="60.015"/>
</testsuite> <!-- testScripts.TC_testyantra_008 -->
