<?xml version="1.0" encoding="UTF-8"?>
<!-- Generated by org.testng.reporters.JUnitReportReporter -->
<testsuite hostname="TYSS-Apoorva" failures="0" tests="4" name="workingWithUnitTestingTool.WorkingWithDependendsOnGroup" time="0.020" errors="0" timestamp="2024-01-27T18:42:21 IST" skipped="0">
  <testcase classname="workingWithUnitTestingTool.WorkingWithDependendsOnGroup" name="hello" time="0.007"/>
  <testcase classname="workingWithUnitTestingTool.WorkingWithDependendsOnGroup" name="gm" time="0.002"/>
  <testcase classname="workingWithUnitTestingTool.WorkingWithDependendsOnGroup" name="goodnight" time="0.003"/>
  <testcase classname="workingWithUnitTestingTool.WorkingWithDependendsOnGroup" name="dinner" time="0.008"/>
</testsuite> <!-- workingWithUnitTestingTool.WorkingWithDependendsOnGroup -->
