<?xml version="1.0" encoding="UTF-8"?>
<!-- Generated by org.testng.reporters.JUnitReportReporter -->
<testsuite hostname="TYSS-Apoorva" failures="0" tests="1" name="testScripts.TC_ksrtc_002" time="8.715" errors="0" timestamp="2023-09-15T00:00:27 IST" skipped="0">
  <testcase classname="testScripts.TC_ksrtc_002" name="ksrtc" time="8.715"/>
</testsuite> <!-- testScripts.TC_ksrtc_002 -->
