<?xml version="1.0" encoding="UTF-8"?>
<!-- Generated by org.testng.reporters.JUnitReportReporter -->
<testsuite hostname="TYSS-Apoorva" failures="0" tests="6" name="workingWithUnitTestingTool.WorkingWithInvocationCount" time="45.714" errors="0" timestamp="2023-11-08T14:44:59 IST" skipped="0">
  <testcase classname="workingWithUnitTestingTool.WorkingWithInvocationCount" name="openDemo" time="9.437"/>
  <testcase classname="workingWithUnitTestingTool.WorkingWithInvocationCount" name="openDemo" time="9.445"/>
  <testcase classname="workingWithUnitTestingTool.WorkingWithInvocationCount" name="openDemo" time="7.778"/>
  <testcase classname="workingWithUnitTestingTool.WorkingWithInvocationCount" name="run" time="0.006"/>
  <testcase classname="workingWithUnitTestingTool.WorkingWithInvocationCount" name="openDemo" time="9.207"/>
  <testcase classname="workingWithUnitTestingTool.WorkingWithInvocationCount" name="openDemo" time="9.841"/>
</testsuite> <!-- workingWithUnitTestingTool.WorkingWithInvocationCount -->
