<?xml version="1.0" encoding="UTF-8"?>
<!-- Generated by org.testng.reporters.JUnitReportReporter -->
<testsuite hostname="TYSS-Apoorva" failures="0" tests="1" name="workingWithUnitTestingTool.Groups" time="0.000" errors="0" timestamp="2024-01-31T18:02:39 IST" skipped="1">
  <testcase classname="workingWithUnitTestingTool.Groups" name="goToFilm" time="0.000">
    <skipped/>
  </testcase> <!-- goToFilm -->
  <system-out/>
</testsuite> <!-- workingWithUnitTestingTool.Groups -->
