<?xml version="1.0" encoding="UTF-8"?>
<!-- Generated by org.testng.reporters.JUnitReportReporter -->
<testsuite hostname="TYSS-Apoorva" failures="0" tests="1" name="workingWithTestNg.Assertion" time="6.787" errors="0" timestamp="2023-09-01T16:47:49 IST" skipped="0">
  <testcase classname="workingWithTestNg.Assertion" name="demo" time="6.787"/>
</testsuite> <!-- workingWithTestNg.Assertion -->
