<?xml version="1.0" encoding="UTF-8"?>
<!-- Generated by org.testng.reporters.JUnitReportReporter -->
<testsuite hostname="TYSS-Apoorva" failures="0" tests="4" name="workingWithUnitTestingTool.WorkingWithPriorityattribute" time="0.034" errors="0" timestamp="2024-01-25T14:27:18 IST" skipped="0">
  <testcase classname="workingWithUnitTestingTool.WorkingWithPriorityattribute" name="login" time="0.012"/>
  <testcase classname="workingWithUnitTestingTool.WorkingWithPriorityattribute" name="addProd" time="0.004"/>
  <testcase classname="workingWithUnitTestingTool.WorkingWithPriorityattribute" name="registration" time="0.004"/>
  <testcase classname="workingWithUnitTestingTool.WorkingWithPriorityattribute" name="logout" time="0.014"/>
</testsuite> <!-- workingWithUnitTestingTool.WorkingWithPriorityattribute -->
