<?xml version="1.0" encoding="UTF-8"?>
<!-- Generated by org.testng.reporters.JUnitReportReporter -->
<testsuite hostname="TYSS-Apoorva" failures="0" tests="1" name="testScripts.TC_testyantra_008" time="6.378" errors="0" timestamp="2023-10-10T12:28:05 IST" skipped="0">
  <testcase classname="testScripts.TC_testyantra_008" name="adhar" time="6.378"/>
</testsuite> <!-- testScripts.TC_testyantra_008 -->
