<?xml version="1.0" encoding="UTF-8"?>
<!-- Generated by org.testng.reporters.JUnitReportReporter -->
<testsuite hostname="TYSS-Apoorva" failures="0" tests="6" name="workingWithExternalDatas.RegisterForDemo" time="28.755" errors="0" timestamp="2024-01-08T17:40:09 IST" skipped="0">
  <testcase classname="workingWithExternalDatas.RegisterForDemo" name="registerUser" time="4.996"/>
  <testcase classname="workingWithExternalDatas.RegisterForDemo" name="registerUser" time="4.619"/>
  <testcase classname="workingWithExternalDatas.RegisterForDemo" name="registerUser" time="4.490"/>
  <testcase classname="workingWithExternalDatas.RegisterForDemo" name="registerUser" time="4.643"/>
  <testcase classname="workingWithExternalDatas.RegisterForDemo" name="registerUser" time="4.583"/>
  <testcase classname="workingWithExternalDatas.RegisterForDemo" name="registerUser" time="5.424"/>
</testsuite> <!-- workingWithExternalDatas.RegisterForDemo -->
