<?xml version="1.0" encoding="UTF-8"?>
<!-- Generated by org.testng.reporters.JUnitReportReporter -->
<testsuite hostname="TYSS-Apoorva" failures="0" tests="3" name="workingWithUnitTestingTool.ToUnderstandTheExcecutionOrder" time="0.042" errors="0" timestamp="2024-01-10T15:22:42 IST" skipped="0">
  <testcase classname="workingWithUnitTestingTool.ToUnderstandTheExcecutionOrder" name="acountModify" time="0.016">
    <system-out>
      <![CDATA[Acount is modified]]>
    </system-out>
  </testcase> <!-- acountModify -->
  <testcase classname="workingWithUnitTestingTool.ToUnderstandTheExcecutionOrder" name="deleteAccount" time="0.006">
    <system-out>
      <![CDATA[Acount is modified]]>
    </system-out>
  </testcase> <!-- deleteAccount -->
  <testcase classname="workingWithUnitTestingTool.ToUnderstandTheExcecutionOrder" name="createAccount" time="0.020">
    <system-out>
      <![CDATA[Account is creatated]]>
    </system-out>
  </testcase> <!-- createAccount -->
  <system-out>
    <![CDATA[Data base coonection in stoped
Data base coonection in started
Browser is opened
logged in with valid data
Acount is modified
logged out from app
logged in with valid data
Account is creatated
logged out from app
logged in with valid data
Acount is modified
logged out from app
Browser is closed]]>
  </system-out>
</testsuite> <!-- workingWithUnitTestingTool.ToUnderstandTheExcecutionOrder -->
