<?xml version="1.0" encoding="UTF-8"?>
<!-- Generated by org.testng.reporters.JUnitReportReporter -->
<testsuite hostname="TYSS-Apoorva" failures="0" tests="2" name="workingWithUnitTestingTool.WorkingWithEnable" time="0.028" errors="0" timestamp="2023-09-13T23:11:20 IST" skipped="1">
  <testcase classname="workingWithUnitTestingTool.WorkingWithEnable" name="run" time="0.028"/>
  <testcase classname="workingWithUnitTestingTool.WorkingWithEnable" name="testcase">
    <skipped/>
  </testcase> <!-- testcase -->
</testsuite> <!-- workingWithUnitTestingTool.WorkingWithEnable -->
