<?xml version="1.0" encoding="UTF-8"?>
<!-- Generated by org.testng.reporters.JUnitReportReporter -->
<testsuite hostname="TYSS-Apoorva" failures="0" tests="1" name="testScripts.TC_ferreroro_007" time="45.635" errors="0" timestamp="2023-09-14T23:36:11 IST" skipped="0">
  <testcase classname="testScripts.TC_ferreroro_007" name="adhar" time="45.635"/>
</testsuite> <!-- testScripts.TC_ferreroro_007 -->
