<?xml version="1.0" encoding="UTF-8"?>
<!-- Generated by org.testng.reporters.JUnitReportReporter -->
<testsuite hostname="TYSS-Apoorva" failures="0" tests="1" name="testScripts.TC_adhar_001" time="2.666" errors="0" timestamp="2024-01-26T01:41:41 IST" skipped="0">
  <testcase classname="testScripts.TC_adhar_001" name="adhar" time="2.666"/>
</testsuite> <!-- testScripts.TC_adhar_001 -->
