<?xml version="1.0" encoding="UTF-8"?>
<!-- Generated by org.testng.reporters.JUnitReportReporter -->
<testsuite hostname="TYSS-Apoorva" failures="0" tests="1" name="workingWithTestNg.Simple" time="0.013" errors="0" timestamp="2023-08-07T17:58:06 IST" skipped="0">
  <testcase classname="workingWithTestNg.Simple" name="Payment" time="0.013"/>
  <system-out/>
</testsuite> <!-- workingWithTestNg.Simple -->
