<?xml version="1.0" encoding="UTF-8"?>
<!-- Generated by org.testng.reporters.JUnitReportReporter -->
<testsuite hostname="TYSS-Apoorva" failures="0" tests="1" name="workingWithPom.BasePage" time="7.387" errors="0" timestamp="2023-09-20T23:08:44 IST" skipped="0">
  <testcase classname="workingWithPom.BasePage" name="demo" time="7.387"/>
</testsuite> <!-- workingWithPom.BasePage -->
