<?xml version="1.0" encoding="UTF-8"?>
<!-- Generated by org.testng.reporters.JUnitReportReporter -->
<testsuite hostname="TYSS-Apoorva" failures="0" tests="1" name="testScripts.TC_cadbury_005" time="4.396" errors="0" timestamp="2023-10-10T12:05:40 IST" skipped="0">
  <testcase classname="testScripts.TC_cadbury_005" name="cadbury" time="4.396"/>
</testsuite> <!-- testScripts.TC_cadbury_005 -->
