<?xml version="1.0" encoding="UTF-8"?>
<!-- Generated by org.testng.reporters.JUnitReportReporter -->
<testsuite hostname="TYSS-Apoorva" failures="0" tests="4" name="understandingAboutTestNg.workingWithDataProvider" time="30.814" errors="0" timestamp="2023-09-04T14:24:35 IST" skipped="0">
  <testcase classname="understandingAboutTestNg.workingWithDataProvider" name="openBrowser" time="6.658"/>
  <testcase classname="understandingAboutTestNg.workingWithDataProvider" name="openBrowser" time="6.149"/>
  <testcase classname="understandingAboutTestNg.workingWithDataProvider" name="openBrowser" time="6.421"/>
  <testcase classname="understandingAboutTestNg.workingWithDataProvider" name="openBrowser" time="11.586"/>
</testsuite> <!-- understandingAboutTestNg.workingWithDataProvider -->
