<?xml version="1.0" encoding="UTF-8"?>
<!-- Generated by org.testng.reporters.JUnitReportReporter -->
<testsuite hostname="TYSS-Apoorva" failures="0" tests="1" name="testScripts.TC_demoweb_004" time="5.521" errors="0" timestamp="2024-01-26T01:41:42 IST" skipped="0">
  <testcase classname="testScripts.TC_demoweb_004" name="demoweb" time="5.521"/>
</testsuite> <!-- testScripts.TC_demoweb_004 -->
