<?xml version="1.0" encoding="UTF-8"?>
<!-- Generated by org.testng.reporters.JUnitReportReporter -->
<testsuite hostname="TYSS-Apoorva" failures="0" tests="2" name="understandingAboutTestNg.ActiTime" time="11.965" errors="0" timestamp="2024-01-30T15:10:08 IST" skipped="0">
  <testcase classname="understandingAboutTestNg.ActiTime" name="openBrowser" time="7.327">
    <system-out>
      <![CDATA[pass]]>
    </system-out>
  </testcase> <!-- openBrowser -->
  <testcase classname="understandingAboutTestNg.ActiTime" name="openBrowser" time="4.638">
    <system-out>
      <![CDATA[pass]]>
    </system-out>
  </testcase> <!-- openBrowser -->
  <system-out>
    <![CDATA[pass
pass]]>
  </system-out>
</testsuite> <!-- understandingAboutTestNg.ActiTime -->
