<?xml version="1.0" encoding="UTF-8"?>
<!-- Generated by org.testng.reporters.JUnitReportReporter -->
<testsuite hostname="TYSS-Apoorva" failures="0" tests="4" name="understandingAboutTestNg.workingWithDataProvider" time="25.113" errors="0" timestamp="2023-11-10T11:40:49 IST" skipped="0">
  <testcase classname="understandingAboutTestNg.workingWithDataProvider" name="openBrowser" time="6.475"/>
  <testcase classname="understandingAboutTestNg.workingWithDataProvider" name="openBrowser" time="6.387"/>
  <testcase classname="understandingAboutTestNg.workingWithDataProvider" name="openBrowser" time="5.903"/>
  <testcase classname="understandingAboutTestNg.workingWithDataProvider" name="openBrowser" time="6.348"/>
</testsuite> <!-- understandingAboutTestNg.workingWithDataProvider -->
