<?xml version="1.0" encoding="UTF-8"?>
<!-- Generated by org.testng.reporters.JUnitReportReporter -->
<testsuite hostname="TYSS-Apoorva" failures="0" tests="4" name="understandingAboutTestNg.DependsOnMethod" time="0.051" errors="0" timestamp="2023-10-10T11:30:20 IST" skipped="0">
  <testcase classname="understandingAboutTestNg.DependsOnMethod" name="search" time="0.017"/>
  <testcase classname="understandingAboutTestNg.DependsOnMethod" name="advanceSearch" time="0.019"/>
  <testcase classname="understandingAboutTestNg.DependsOnMethod" name="logout" time="0.008"/>
  <testcase classname="understandingAboutTestNg.DependsOnMethod" name="login" time="0.007"/>
</testsuite> <!-- understandingAboutTestNg.DependsOnMethod -->
