<?xml version="1.0" encoding="UTF-8"?>
<!-- Generated by org.testng.reporters.JUnitReportReporter -->
<testsuite hostname="TYSS-Apoorva" failures="0" tests="1" name="understandingAboutTestNg.TestCase_003" time="13.209" errors="0" timestamp="2023-09-08T14:19:30 IST" skipped="0">
  <testcase classname="understandingAboutTestNg.TestCase_003" name="bmtc" time="13.209"/>
</testsuite> <!-- understandingAboutTestNg.TestCase_003 -->
