<?xml version="1.0" encoding="UTF-8"?>
<!-- Generated by org.testng.reporters.JUnitReportReporter -->
<testsuite hostname="TYSS-Apoorva" failures="0" tests="2" name="workingWithUnitTestingTool.WorkingWithEnable" time="0.014" errors="0" timestamp="2023-10-10T10:50:51 IST" skipped="1">
  <testcase classname="workingWithUnitTestingTool.WorkingWithEnable" name="run" time="0.014"/>
  <testcase classname="workingWithUnitTestingTool.WorkingWithEnable" name="testcase">
    <skipped/>
  </testcase> <!-- testcase -->
</testsuite> <!-- workingWithUnitTestingTool.WorkingWithEnable -->
