<?xml version="1.0" encoding="UTF-8"?>
<!-- Generated by org.testng.reporters.JUnitReportReporter -->
<testsuite hostname="TYSS-Apoorva" failures="0" tests="2" name="understandingAboutTestNg.ActiTimeDataProvider1" time="17.372" errors="0" timestamp="2024-01-30T15:55:02 IST" skipped="0">
  <testcase classname="understandingAboutTestNg.ActiTimeDataProvider1" name="openBrowser" time="4.147">
    <system-out>
      <![CDATA[pass]]>
    </system-out>
  </testcase> <!-- openBrowser -->
  <testcase classname="understandingAboutTestNg.ActiTimeDataProvider1" name="openBrowser" time="13.225">
    <system-out>
      <![CDATA[pass]]>
    </system-out>
  </testcase> <!-- openBrowser -->
  <system-out>
    <![CDATA[pass
pass]]>
  </system-out>
</testsuite> <!-- understandingAboutTestNg.ActiTimeDataProvider1 -->
