<?xml version="1.0" encoding="UTF-8"?>
<!-- Generated by org.testng.reporters.JUnitReportReporter -->
<testsuite hostname="TYSS-Apoorva" failures="0" tests="2" name="understandingAboutTestNg.ActiTime" time="10.292" errors="0" timestamp="2023-11-10T11:29:56 IST" skipped="0">
  <testcase classname="understandingAboutTestNg.ActiTime" name="openBrowser" time="5.641">
    <system-out>
      <![CDATA[pass]]>
    </system-out>
  </testcase> <!-- openBrowser -->
  <testcase classname="understandingAboutTestNg.ActiTime" name="openBrowser" time="4.651">
    <system-out>
      <![CDATA[pass]]>
    </system-out>
  </testcase> <!-- openBrowser -->
  <system-out>
    <![CDATA[pass
pass]]>
  </system-out>
</testsuite> <!-- understandingAboutTestNg.ActiTime -->
