<?xml version="1.0" encoding="UTF-8"?>
<!-- Generated by org.testng.reporters.JUnitReportReporter -->
<testsuite hostname="TYSS-Apoorva" failures="0" tests="2" name="workingWithUnitTestingTool.sample" time="0.015" errors="0" timestamp="2024-01-11T12:36:53 IST" skipped="0">
  <testcase classname="workingWithUnitTestingTool.sample" name="login1" time="0.004"/>
  <testcase classname="workingWithUnitTestingTool.sample" name="login" time="0.011"/>
</testsuite> <!-- workingWithUnitTestingTool.sample -->
