<?xml version="1.0" encoding="UTF-8"?>
<!-- Generated by org.testng.reporters.JUnitReportReporter -->
<testsuite hostname="TYSS-Apoorva" failures="0" tests="1" name="workingWithUnitTestingTool.Run" time="20.594" errors="0" timestamp="2024-01-18T23:10:09 IST" skipped="0">
  <testcase classname="workingWithUnitTestingTool.Run" name="browser" time="20.594"/>
</testsuite> <!-- workingWithUnitTestingTool.Run -->
