<?xml version="1.0" encoding="UTF-8"?>
<!-- Generated by org.testng.reporters.JUnitReportReporter -->
<testsuite hostname="TYSS-Apoorva" failures="0" tests="4" name="workingWithUnitTestingTool.WorkingWithPriorityattribute" time="0.043" errors="0" timestamp="2023-10-10T11:15:20 IST" skipped="0">
  <testcase classname="workingWithUnitTestingTool.WorkingWithPriorityattribute" name="login" time="0.018"/>
  <testcase classname="workingWithUnitTestingTool.WorkingWithPriorityattribute" name="registration" time="0.005"/>
  <testcase classname="workingWithUnitTestingTool.WorkingWithPriorityattribute" name="addProd" time="0.012"/>
  <testcase classname="workingWithUnitTestingTool.WorkingWithPriorityattribute" name="logout" time="0.008"/>
</testsuite> <!-- workingWithUnitTestingTool.WorkingWithPriorityattribute -->
