<?xml version="1.0" encoding="UTF-8"?>
<!-- Generated by org.testng.reporters.JUnitReportReporter -->
<testsuite hostname="TYSS-Apoorva" failures="0" tests="5" name="understandingAboutTestNg.Datademo" time="0.038" errors="0" timestamp="2023-11-10T11:23:26 IST" skipped="0">
  <testcase classname="understandingAboutTestNg.Datademo" name="test" time="0.002"/>
  <testcase classname="understandingAboutTestNg.Datademo" name="test" time="0.006"/>
  <testcase classname="understandingAboutTestNg.Datademo" name="test" time="0.011"/>
  <testcase classname="understandingAboutTestNg.Datademo" name="test" time="0.003"/>
  <testcase classname="understandingAboutTestNg.Datademo" name="test" time="0.016"/>
</testsuite> <!-- understandingAboutTestNg.Datademo -->
