<?xml version="1.0" encoding="UTF-8"?>
<!-- Generated by org.testng.reporters.JUnitReportReporter -->
<testsuite hostname="TYSS-Apoorva" failures="0" tests="1" name="workingWithTestNg.TestCase_003" time="7.021" errors="0" timestamp="2023-08-11T16:43:59 IST" skipped="0">
  <testcase classname="workingWithTestNg.TestCase_003" name="bmtc" time="7.021"/>
  <system-out/>
</testsuite> <!-- workingWithTestNg.TestCase_003 -->
