<?xml version="1.0" encoding="UTF-8"?>
<!-- Generated by org.testng.reporters.JUnitReportReporter -->
<testsuite hostname="TYSS-Apoorva" failures="0" tests="1" name="workingWithUnitTestingTool.Run" time="14.939" errors="0" timestamp="2023-11-13T16:09:01 IST" skipped="0">
  <testcase classname="workingWithUnitTestingTool.Run" name="browser" time="14.939"/>
</testsuite> <!-- workingWithUnitTestingTool.Run -->
