<?xml version="1.0" encoding="UTF-8"?>
<!-- Generated by org.testng.reporters.JUnitReportReporter -->
<testsuite hostname="TYSS-Apoorva" failures="0" tests="6" name="workingWithExternalDatas.RegisterForDemo" time="31.802" errors="0" timestamp="2023-11-13T14:45:15 IST" skipped="0">
  <testcase classname="workingWithExternalDatas.RegisterForDemo" name="registerUser" time="6.234"/>
  <testcase classname="workingWithExternalDatas.RegisterForDemo" name="registerUser" time="4.755"/>
  <testcase classname="workingWithExternalDatas.RegisterForDemo" name="registerUser" time="5.442"/>
  <testcase classname="workingWithExternalDatas.RegisterForDemo" name="registerUser" time="5.007"/>
  <testcase classname="workingWithExternalDatas.RegisterForDemo" name="registerUser" time="5.372"/>
  <testcase classname="workingWithExternalDatas.RegisterForDemo" name="registerUser" time="4.992"/>
</testsuite> <!-- workingWithExternalDatas.RegisterForDemo -->
