<?xml version="1.0" encoding="UTF-8"?>
<!-- Generated by org.testng.reporters.JUnitReportReporter -->
<testsuite hostname="TYSS-Apoorva" failures="0" tests="1" name="workingWithUnitTestingTool.ClickOnBooks" time="14.772" errors="0" timestamp="2023-09-18T22:37:40 IST" skipped="0">
  <testcase classname="workingWithUnitTestingTool.ClickOnBooks" name="clickOnBooks" time="14.772"/>
  <system-out>
    <![CDATA[Data base coonection is started
Report genration started
Data base coonection is stoped
Report genration stoped]]>
  </system-out>
</testsuite> <!-- workingWithUnitTestingTool.ClickOnBooks -->
