<?xml version="1.0" encoding="UTF-8"?>
<!-- Generated by org.testng.reporters.JUnitReportReporter -->
<testsuite hostname="TYSS-Apoorva" failures="0" tests="1" name="workingWithTestNg.TestCase_002" time="14.130" errors="0" timestamp="2023-08-10T10:58:09 IST" skipped="0">
  <testcase classname="workingWithTestNg.TestCase_002" name="ksrtc" time="14.130"/>
  <system-out/>
</testsuite> <!-- workingWithTestNg.TestCase_002 -->
