<?xml version="1.0" encoding="UTF-8"?>
<!-- Generated by org.testng.reporters.JUnitReportReporter -->
<testsuite hostname="TYSS-Apoorva" failures="0" tests="1" name="testScripts.TC_qsp_009" time="14.386" errors="0" timestamp="2023-09-14T23:36:12 IST" skipped="0">
  <testcase classname="testScripts.TC_qsp_009" name="qsp" time="14.386"/>
</testsuite> <!-- testScripts.TC_qsp_009 -->
