<?xml version="1.0" encoding="UTF-8"?>
<!-- Generated by org.testng.reporters.JUnitReportReporter -->
<testsuite hostname="TYSS-Apoorva" failures="0" tests="1" name="testScripts.TC_adhar_001" time="3.837" errors="0" timestamp="2023-11-29T00:06:03 IST" skipped="0">
  <testcase classname="testScripts.TC_adhar_001" name="adhar" time="3.837"/>
</testsuite> <!-- testScripts.TC_adhar_001 -->
