<?xml version="1.0" encoding="UTF-8"?>
<!-- Generated by org.testng.reporters.JUnitReportReporter -->
<testsuite hostname="TYSS-Apoorva" failures="0" tests="2" name="understandingAboutTestNg.ActiTime" time="7.537" errors="0" timestamp="2023-09-06T17:57:50 IST" skipped="0">
  <testcase classname="understandingAboutTestNg.ActiTime" name="openBrowser" time="3.357">
    <system-out>
      <![CDATA[pass]]>
    </system-out>
  </testcase> <!-- openBrowser -->
  <testcase classname="understandingAboutTestNg.ActiTime" name="openBrowser" time="4.180">
    <system-out>
      <![CDATA[pass]]>
    </system-out>
  </testcase> <!-- openBrowser -->
  <system-out>
    <![CDATA[pass
pass]]>
  </system-out>
</testsuite> <!-- understandingAboutTestNg.ActiTime -->
