<?xml version="1.0" encoding="UTF-8"?>
<!-- Generated by org.testng.reporters.JUnitReportReporter -->
<testsuite hostname="TYSS-Apoorva" failures="0" tests="1" name="testScripts.TC_cadbury_005" time="32.290" errors="0" timestamp="2023-09-14T23:36:12 IST" skipped="0">
  <testcase classname="testScripts.TC_cadbury_005" name="cadbury" time="32.290"/>
</testsuite> <!-- testScripts.TC_cadbury_005 -->
