<?xml version="1.0" encoding="UTF-8"?>
<!-- Generated by org.testng.reporters.JUnitReportReporter -->
<testsuite hostname="TYSS-Apoorva" failures="0" tests="1" name="workingWithPom.TestCase" time="22.797" errors="0" timestamp="2024-01-22T22:29:23 IST" skipped="0">
  <testcase classname="workingWithPom.TestCase" name="run" time="22.797"/>
</testsuite> <!-- workingWithPom.TestCase -->
