<?xml version="1.0" encoding="UTF-8"?>
<!-- Generated by org.testng.reporters.JUnitReportReporter -->
<testsuite hostname="TYSS-Apoorva" failures="0" tests="5" name="understandingAboutTestNg.Datademo" time="0.077" errors="0" timestamp="2024-01-18T16:40:33 IST" skipped="0">
  <testcase classname="understandingAboutTestNg.Datademo" name="test" time="0.013"/>
  <testcase classname="understandingAboutTestNg.Datademo" name="test" time="0.010"/>
  <testcase classname="understandingAboutTestNg.Datademo" name="test" time="0.011"/>
  <testcase classname="understandingAboutTestNg.Datademo" name="test" time="0.010"/>
  <testcase classname="understandingAboutTestNg.Datademo" name="test" time="0.033"/>
</testsuite> <!-- understandingAboutTestNg.Datademo -->
