<?xml version="1.0" encoding="UTF-8"?>
<!-- Generated by org.testng.reporters.JUnitReportReporter -->
<testsuite hostname="TYSS-Apoorva" failures="0" tests="1" name="workingWithPom.TestCase" time="5.532" errors="0" timestamp="2023-11-09T12:08:41 IST" skipped="0">
  <testcase classname="workingWithPom.TestCase" name="run" time="5.532"/>
</testsuite> <!-- workingWithPom.TestCase -->
