<?xml version="1.0" encoding="UTF-8"?>
<!-- Generated by org.testng.reporters.JUnitReportReporter -->
<testsuite hostname="TYSS-Apoorva" failures="0" tests="1" name="workingWithPom.BaseClass" time="4.591" errors="0" timestamp="2023-08-11T10:54:29 IST" skipped="0">
  <testcase classname="workingWithPom.BaseClass" name="demo" time="4.591"/>
  <system-out/>
</testsuite> <!-- workingWithPom.BaseClass -->
