<?xml version="1.0" encoding="UTF-8"?>
<!-- Generated by org.testng.reporters.JUnitReportReporter -->
<testsuite hostname="TYSS-Apoorva" failures="0" tests="5" name="workingWithTestNg.Datademo" time="0.012" errors="0" timestamp="2023-08-11T10:29:56 IST" skipped="0">
  <testcase classname="workingWithTestNg.Datademo" name="test" time="0.002"/>
  <system-out/>
  <testcase classname="workingWithTestNg.Datademo" name="test" time="0.006"/>
  <system-out/>
  <testcase classname="workingWithTestNg.Datademo" name="test" time="0.001"/>
  <system-out/>
  <testcase classname="workingWithTestNg.Datademo" name="test" time="0.000"/>
  <system-out/>
  <testcase classname="workingWithTestNg.Datademo" name="test" time="0.003"/>
  <system-out/>
</testsuite> <!-- workingWithTestNg.Datademo -->
