<?xml version="1.0" encoding="UTF-8"?>
<!-- Generated by org.testng.reporters.JUnitReportReporter -->
<testsuite hostname="TYSS-Apoorva" failures="0" tests="1" name="workingWithExtentReports.p" time="18.873" errors="0" timestamp="2023-11-27T16:05:58 IST" skipped="0">
  <testcase classname="workingWithExtentReports.p" name="extentreport" time="18.873"/>
</testsuite> <!-- workingWithExtentReports.p -->
