<?xml version="1.0" encoding="UTF-8"?>
<!-- Generated by org.testng.reporters.JUnitReportReporter -->
<testsuite hostname="TYSS-Apoorva" failures="0" tests="7" name="workingWithUnitTestingTool.WorkingWithDependenceOnMethods" time="0.036" errors="0" timestamp="2024-01-23T15:36:28 IST" skipped="0">
  <testcase classname="workingWithUnitTestingTool.WorkingWithDependenceOnMethods" name="buy" time="0.002"/>
  <testcase classname="workingWithUnitTestingTool.WorkingWithDependenceOnMethods" name="logout" time="0.001"/>
  <testcase classname="workingWithUnitTestingTool.WorkingWithDependenceOnMethods" name="search" time="0.008"/>
  <testcase classname="workingWithUnitTestingTool.WorkingWithDependenceOnMethods" name="login" time="0.009"/>
  <testcase classname="workingWithUnitTestingTool.WorkingWithDependenceOnMethods" name="cart" time="0.002"/>
  <testcase classname="workingWithUnitTestingTool.WorkingWithDependenceOnMethods" name="register" time="0.008"/>
  <testcase classname="workingWithUnitTestingTool.WorkingWithDependenceOnMethods" name="wishlist" time="0.006"/>
</testsuite> <!-- workingWithUnitTestingTool.WorkingWithDependenceOnMethods -->
